>> Centroides de los clusters

1860761563430912.000  2.367  0.000  0.000  0.000  2.566  0.000  3.264  0.000  0.000336906464.000  2.180579407951674248583190420298435395584.000  2.791  0.000  3.639  0.000  3.968 -0.000  2.356  0.000  2.787-94333101482344185856.000  3.139-9691628307458760084439885194199040.000  2.335  0.000  0.000  0.000  0.000  0.352 -0.799 -0.661  0.002  0.996  0.212 -0.278 -0.024  0.533 -0.783
  0.741 -0.236 -0.646 -0.648  0.960  0.413 -0.015 -0.332 -0.828 -0.383  0.131 -0.217  0.966  0.870  0.554 -0.566  0.114 -0.466  0.247  0.545  0.741 -0.236 -0.646 -0.648  0.960  0.413 -0.015 -0.332 -0.828 -0.383  0.131 -0.217  0.966  0.870  0.554 -0.566  0.114 -0.466  0.247  0.545
 -0.091 -0.403 -0.430 -0.603  0.530 -0.313 -0.574  0.791 -0.240 -0.236  0.789  0.263 -0.748  0.602 -0.518  0.739  0.013 -0.255  0.522  0.486 -0.091 -0.403 -0.430 -0.603  0.530 -0.313 -0.574  0.791 -0.240 -0.236  0.789  0.263 -0.748  0.602 -0.518  0.739  0.013 -0.255  0.522  0.486
 -0.795 -0.084 -0.626  0.971 -0.840 -0.841 -0.107  0.662 -0.743  0.247 -0.139  0.535  0.012 -0.982 -0.615  0.838 -0.788  0.769  0.951  0.760 -0.795 -0.084 -0.626  0.971 -0.840 -0.841 -0.107  0.662 -0.743  0.247 -0.139  0.535  0.012 -0.982 -0.615  0.838 -0.788  0.769  0.951  0.760
 -0.271 -0.656 -0.364  0.531  0.068  0.278 -0.203 -0.500 -0.102 -0.458 -0.429  0.705 -0.094 -0.103 -0.559 -0.522 -0.118  0.343 -0.098  0.413 -0.271 -0.656 -0.364  0.531  0.068  0.278 -0.203 -0.500 -0.102 -0.458 -0.429  0.705 -0.094 -0.103 -0.559 -0.522 -0.118  0.343 -0.098  0.413
 -0.866 -0.839 -0.727  0.840 -0.774 -0.739 -0.364 -0.494  0.718 -0.484  0.247  0.445 -0.033  0.309  0.696  0.717 -0.072  0.107 -0.520  0.965 -0.866 -0.839 -0.727  0.840 -0.774 -0.739 -0.364 -0.494  0.718 -0.484  0.247  0.445 -0.033  0.309  0.696  0.717 -0.072  0.107 -0.520  0.965
 -0.379 -0.900  0.005  0.758 -0.545  0.914 -0.568  0.369  0.702  0.475  0.909  0.106 -0.094 -0.818 -0.784 -0.597  0.714 -0.877 -0.821  0.432 -0.379 -0.900  0.005  0.758 -0.545  0.914 -0.568  0.369  0.702  0.475  0.909  0.106 -0.094 -0.818 -0.784 -0.597  0.714 -0.877 -0.821  0.432
  0.910  0.427 -0.853 -0.123 -0.994  0.843  0.865 -0.066 -0.780 -0.655 -0.831 -0.888 -0.555  0.175  0.140 -0.830 -0.641  0.572 -0.190  0.331  0.910  0.427 -0.853 -0.123 -0.994  0.843  0.865 -0.066 -0.780 -0.655 -0.831 -0.888 -0.555  0.175  0.140 -0.830 -0.641  0.572 -0.190  0.331
 -0.683 -0.281  0.708  0.223 -0.828  0.924 -0.104  0.886 -0.953  0.076 -0.411  0.956  0.773 -0.264 -0.896  0.779  0.850  0.969  0.983 -0.930 -0.683 -0.281  0.708  0.223 -0.828  0.924 -0.104  0.886 -0.953  0.076 -0.411  0.956  0.773 -0.264 -0.896  0.779  0.850  0.969  0.983 -0.930
 -0.659  0.591  0.702 -0.812  0.391 -0.840  0.649  0.340  0.290 -0.502  0.371  0.388 -0.433  0.370 -0.314 -0.757 -0.601 -0.729  0.095  0.543 -0.659  0.591  0.702 -0.812  0.391 -0.840  0.649  0.340  0.290 -0.502  0.371  0.388 -0.433  0.370 -0.314 -0.757 -0.601 -0.729  0.095  0.543
  0.029  0.059  0.285  0.529 -0.281  0.030  0.420 -0.370 -0.140 -0.661  0.319  0.148  0.583 -0.617  0.183  0.253  0.088  0.138 -0.514 -0.308  0.029  0.059  0.285  0.529 -0.281  0.030  0.420 -0.370 -0.140 -0.661  0.319  0.148  0.583 -0.617  0.183  0.253  0.088  0.138 -0.514 -0.308
  0.714  0.374 -0.382  0.984  0.912 -0.865  0.697  0.644  0.278  0.295  0.422 -0.232  0.483 -0.572  0.300 -0.053 -0.192  0.611 -0.010  0.887  0.714  0.374 -0.382  0.984  0.912 -0.865  0.697  0.644  0.278  0.295  0.422 -0.232  0.483 -0.572  0.300 -0.053 -0.192  0.611 -0.010  0.887
  0.906 -0.625 -0.450  0.624 -0.518 -0.486  0.211  0.912  0.948  0.755 -0.952  0.662 -0.601 -0.334  0.646 -0.689 -0.928  0.343  0.955  0.350  0.906 -0.625 -0.450  0.624 -0.518 -0.486  0.211  0.912  0.948  0.755 -0.952  0.662 -0.601 -0.334  0.646 -0.689 -0.928  0.343  0.955  0.350
  0.908 -0.353  0.389  0.391 -0.654  0.959 -0.662  0.154  0.570 -0.401 -0.688  0.476 -0.756 -0.868 -0.630 -0.274 -0.354  0.581 -0.362 -0.406  0.908 -0.353  0.389  0.391 -0.654  0.959 -0.662  0.154  0.570 -0.401 -0.688  0.476 -0.756 -0.868 -0.630 -0.274 -0.354  0.581 -0.362 -0.406
 -0.393  0.957 -0.744  0.006  0.893  0.172  0.317  0.965  0.786 -0.458  0.316  0.694  0.190  0.975 -0.644  0.536  0.934  0.964  0.961  0.504 -0.393  0.957 -0.744  0.006  0.893  0.172  0.317  0.965  0.786 -0.458  0.316  0.694  0.190  0.975 -0.644  0.536  0.934  0.964  0.961  0.504
 -0.230 -0.597 -0.783 -0.754 -0.647 -0.116 -0.621  0.066 -0.469  0.395 -0.561  0.584 -0.716  0.183 -0.173  0.196  0.542  0.059  0.121  0.686 -0.230 -0.597 -0.783 -0.754 -0.647 -0.116 -0.621  0.066 -0.469  0.395 -0.561  0.584 -0.716  0.183 -0.173  0.196  0.542  0.059  0.121  0.686
 -0.206  0.588 -0.256 -0.729 -0.076  0.688 -0.236  0.476  0.714  0.561  0.700  0.264  0.100 -0.187  0.763  0.647  0.265 -0.396  0.375  0.196 -0.206  0.588 -0.256 -0.729 -0.076  0.688 -0.236  0.476  0.714  0.561  0.700  0.264  0.100 -0.187  0.763  0.647  0.265 -0.396  0.375  0.196
  0.303  0.765 -0.729 -0.685 -0.124 -0.457 -0.449  0.033 -0.620 -0.622 -0.663 -0.589 -0.442  0.350 -0.838  0.126 -0.066  0.790  0.145 -0.530  0.303  0.765 -0.729 -0.685 -0.124 -0.457 -0.449  0.033 -0.620 -0.622 -0.663 -0.589 -0.442  0.350 -0.838  0.126 -0.066  0.790  0.145 -0.530
 -0.350 -0.659 -0.832 -0.740 -0.671 -0.223 -0.646  0.158 -0.544  0.577 -0.602  0.626 -0.811  0.321 -0.324  0.335  0.506 -0.036  0.028  0.840 -0.350 -0.659 -0.832 -0.740 -0.671 -0.223 -0.646  0.158 -0.544  0.577 -0.602  0.626 -0.811  0.321 -0.324  0.335  0.506 -0.036  0.028  0.840
  0.663 -0.625  0.260  0.461  0.329 -0.221  0.230 -0.187  0.389 -0.287 -0.431 -0.407 -0.191  0.709 -0.118 -0.453 -0.483 -0.235  0.356 -0.641  0.663 -0.625  0.260  0.461  0.329 -0.221  0.230 -0.187  0.389 -0.287 -0.431 -0.407 -0.191  0.709 -0.118 -0.453 -0.483 -0.235  0.356 -0.641
 -0.508 -0.339  0.572  0.450 -0.976 -0.881  0.231  0.443 -0.251  0.510 -0.078  0.192  0.913  0.580 -0.694 -0.028 -0.314  0.660 -0.565  0.273 -0.508 -0.339  0.572  0.450 -0.976 -0.881  0.231  0.443 -0.251  0.510 -0.078  0.192  0.913  0.580 -0.694 -0.028 -0.314  0.660 -0.565  0.273
  0.851 -0.811  0.688 -0.203 -0.728  0.470  0.537 -0.119  0.743 -0.306  0.066 -0.123 -0.316 -0.479  0.686  0.941  0.185 -0.724  0.940 -0.603  0.851 -0.811  0.688 -0.203 -0.728  0.470  0.537 -0.119  0.743 -0.306  0.066 -0.123 -0.316 -0.479  0.686  0.941  0.185 -0.724  0.940 -0.603
 -0.383 -0.344  0.402 -0.728  0.820 -0.453 -0.235 -0.402 -0.737  0.409 -0.755 -0.069 -0.576  0.099 -0.326 -0.447 -0.829  0.659 -0.474 -0.387 -0.383 -0.344  0.402 -0.728  0.820 -0.453 -0.235 -0.402 -0.737  0.409 -0.755 -0.069 -0.576  0.099 -0.326 -0.447 -0.829  0.659 -0.474 -0.387
  0.704  0.558 -0.474  0.012 -0.722  0.081  0.542  0.856 -0.328 -0.319 -0.363  0.812 -0.937  0.915  0.259 -0.128 -0.872  0.487 -0.483  0.409  0.704  0.558 -0.474  0.012 -0.722  0.081  0.542  0.856 -0.328 -0.319 -0.363  0.812 -0.937  0.915  0.259 -0.128 -0.872  0.487 -0.483  0.409
  0.595 -0.379 -0.432 -0.294 -0.591  0.749  0.664 -0.449 -0.118  0.712 -0.641 -0.257  0.426  0.493 -0.681 -0.474 -0.159  0.494  0.457 -0.331  0.595 -0.379 -0.432 -0.294 -0.591  0.749  0.664 -0.449 -0.118  0.712 -0.641 -0.257  0.426  0.493 -0.681 -0.474 -0.159  0.494  0.457 -0.331
  0.436  0.365 -0.329 -0.472 -0.514 -0.167 -0.319  0.640 -0.524 -0.210 -0.250 -0.364  0.622 -0.624  0.536 -0.658 -0.003 -0.399  0.113 -0.752  0.436  0.365 -0.329 -0.472 -0.514 -0.167 -0.319  0.640 -0.524 -0.210 -0.250 -0.364  0.622 -0.624  0.536 -0.658 -0.003 -0.399  0.113 -0.752
  0.239  0.829 -0.484 -0.039  0.348  0.247 -0.007 -0.108  0.668  0.903  0.691 -0.062  0.676 -0.809 -0.354 -0.129  0.662  0.150  0.240  0.303  0.239  0.829 -0.484 -0.039  0.348  0.247 -0.007 -0.108  0.668  0.903  0.691 -0.062  0.676 -0.809 -0.354 -0.129  0.662  0.150  0.240  0.303
 -0.621  0.532  0.569 -0.761  0.389 -0.738  0.542  0.250  0.258 -0.473  0.287  0.299 -0.386  0.259 -0.358 -0.611 -0.508 -0.726 -0.001  0.508 -0.621  0.532  0.569 -0.761  0.389 -0.738  0.542  0.250  0.258 -0.473  0.287  0.299 -0.386  0.259 -0.358 -0.611 -0.508 -0.726 -0.001  0.508
 -0.183  0.190  0.759 -0.278 -0.749 -0.162 -0.243 -0.420 -0.360  0.397  0.491  0.342 -0.782 -0.223 -0.286 -0.818  0.232 -0.157 -0.592 -0.696 -0.183  0.190  0.759 -0.278 -0.749 -0.162 -0.243 -0.420 -0.360  0.397  0.491  0.342 -0.782 -0.223 -0.286 -0.818  0.232 -0.157 -0.592 -0.696
 -0.928  0.565  0.006  0.851 -0.316 -0.111  0.556 -0.019  0.152 -0.027 -0.937  0.472 -0.621 -0.820  0.011  0.862  0.062  0.648  0.675 -0.840 -0.928  0.565  0.006  0.851 -0.316 -0.111  0.556 -0.019  0.152 -0.027 -0.937  0.472 -0.621 -0.820  0.011  0.862  0.062  0.648  0.675 -0.840
  0.739 -0.328  0.361  0.467  0.448  0.210  0.293  0.346 -0.160  0.158  0.108 -0.593 -0.725 -0.658 -0.433 -0.296  0.105  0.369  0.727 -0.247  0.739 -0.328  0.361  0.467  0.448  0.210  0.293  0.346 -0.160  0.158  0.108 -0.593 -0.725 -0.658 -0.433 -0.296  0.105  0.369  0.727 -0.247
  0.530  0.144 -0.016 -0.325 -0.309  0.688 -0.511  0.368  0.710  0.370  0.438  0.084  0.180 -0.192  0.647  0.203  0.614 -0.606  0.549 -0.164  0.530  0.144 -0.016 -0.325 -0.309  0.688 -0.511  0.368  0.710  0.370  0.438  0.084  0.180 -0.192  0.647  0.203  0.614 -0.606  0.549 -0.164
 -0.770  0.207 -0.281  0.027  0.434 -0.486 -0.433  0.769  0.292  0.601  0.572  0.268  0.255  0.159 -0.528 -0.520 -0.584  0.686 -0.518  0.837 -0.770  0.207 -0.281  0.027  0.434 -0.486 -0.433  0.769  0.292  0.601  0.572  0.268  0.255  0.159 -0.528 -0.520 -0.584  0.686 -0.518  0.837
 -0.242  0.025 -0.264 -0.438 -0.365 -0.212  0.067  0.567  0.628  0.013  0.214 -0.114  0.547  0.010  0.501  0.113 -0.019  0.532  0.138  0.680 -0.242  0.025 -0.264 -0.438 -0.365 -0.212  0.067  0.567  0.628  0.013  0.214 -0.114  0.547  0.010  0.501  0.113 -0.019  0.532  0.138  0.680
 -0.410  0.521  0.133  0.010 -0.011  0.301  0.193  0.516 -0.613  0.118  0.170 -0.428 -0.674 -0.090 -0.168 -0.826 -0.058  0.526 -0.657  0.501 -0.410  0.521  0.133  0.010 -0.011  0.301  0.193  0.516 -0.613  0.118  0.170 -0.428 -0.674 -0.090 -0.168 -0.826 -0.058  0.526 -0.657  0.501
 -0.691  0.646  0.505  0.686 -0.618 -0.201  0.667  0.153  0.162  0.578 -0.556 -0.565  0.315  0.135 -0.408 -0.805  0.662  0.501  0.489  0.773 -0.691  0.646  0.505  0.686 -0.618 -0.201  0.667  0.153  0.162  0.578 -0.556 -0.565  0.315  0.135 -0.408 -0.805  0.662  0.501  0.489  0.773
  0.001  0.690  0.156 -0.658 -0.371  0.658 -0.004  0.756 -0.210  0.471 -0.094  0.656  0.596 -0.411  0.524 -0.341 -0.356 -0.803  0.010  0.813  0.001  0.690  0.156 -0.658 -0.371  0.658 -0.004  0.756 -0.210  0.471 -0.094  0.656  0.596 -0.411  0.524 -0.341 -0.356 -0.803  0.010  0.813
  0.861 -0.878 -0.170  0.033  0.150 -0.433  0.391 -0.730 -0.466  0.512  0.790  0.459 -0.228  0.146  0.894 -0.101  0.258  0.880  0.962  0.000  0.861 -0.878 -0.170  0.033  0.150 -0.433  0.391 -0.730 -0.466  0.512  0.790  0.459 -0.228  0.146  0.894 -0.101  0.258  0.880  0.962  0.000
 -0.699  0.017  0.116  0.695  0.710 -0.668  0.125 -0.124  0.485  0.351  0.478 -0.597  0.441 -0.382  0.320  0.790  0.284 -0.265  0.695 -0.109 -0.699  0.017  0.116  0.695  0.710 -0.668  0.125 -0.124  0.485  0.351  0.478 -0.597  0.441 -0.382  0.320  0.790  0.284 -0.265  0.695 -0.109
  0.786  0.821  0.981 -0.524  0.602 -0.496  0.164  0.247  0.547  0.861 -0.750  0.673  0.723 -0.810  0.379 -0.362 -0.365  0.772  0.631 -0.103  0.786  0.821  0.981 -0.524  0.602 -0.496  0.164  0.247  0.547  0.861 -0.750  0.673  0.723 -0.810  0.379 -0.362 -0.365  0.772  0.631 -0.103
 -0.389  0.276 -0.091 -0.139  0.661 -0.383  0.582 -0.432 -0.226  0.114 -0.753 -0.213  0.206 -0.275 -0.418  0.673  0.478 -0.398 -0.569 -0.408 -0.389  0.276 -0.091 -0.139  0.661 -0.383  0.582 -0.432 -0.226  0.114 -0.753 -0.213  0.206 -0.275 -0.418  0.673  0.478 -0.398 -0.569 -0.408
 -0.402  0.196  0.178  0.324  0.428 -0.056 -0.473 -0.240  0.397  0.349 -0.188  0.123  0.061 -0.645  0.623 -0.210  0.199  0.053 -0.383  0.317 -0.402  0.196  0.178  0.324  0.428 -0.056 -0.473 -0.240  0.397  0.349 -0.188  0.123  0.061 -0.645  0.623 -0.210  0.199  0.053 -0.383  0.317
 -0.354 -0.296  0.263 -0.678  0.610 -0.167 -0.012 -0.518 -0.671  0.471 -0.749 -0.165 -0.535  0.129 -0.145 -0.357 -0.676  0.404 -0.511 -0.444 -0.354 -0.296  0.263 -0.678  0.610 -0.167 -0.012 -0.518 -0.671  0.471 -0.749 -0.165 -0.535  0.129 -0.145 -0.357 -0.676  0.404 -0.511 -0.444
  0.214 -0.444  0.105  0.015 -0.750 -0.441 -0.235 -0.554  0.094  0.545  0.084  0.045  0.034  0.263  0.543  0.352 -0.152  0.099 -0.290 -0.638  0.214 -0.444  0.105  0.015 -0.750 -0.441 -0.235 -0.554  0.094  0.545  0.084  0.045  0.034  0.263  0.543  0.352 -0.152  0.099 -0.290 -0.638
  0.139  0.707  0.752  0.314 -0.323  0.047 -0.098 -0.511  0.428 -0.761  0.331  0.161 -0.648  0.480 -0.359  0.317 -0.419 -0.692 -0.165  0.401  0.139  0.707  0.752  0.314 -0.323  0.047 -0.098 -0.511  0.428 -0.761  0.331  0.161 -0.648  0.480 -0.359  0.317 -0.419 -0.692 -0.165  0.401
  0.193 -0.206 -0.227  0.007  0.020 -0.355  0.313  0.219  0.074 -0.003  0.338  0.034 -0.288 -0.306 -0.420  0.030  0.116  0.002 -0.453 -0.482  0.193 -0.206 -0.227  0.007  0.020 -0.355  0.313  0.219  0.074 -0.003  0.338  0.034 -0.288 -0.306 -0.420  0.030  0.116  0.002 -0.453 -0.482
 -0.881  0.738  0.420  0.585  0.696 -0.910 -0.198  0.249  0.616 -0.889  0.912  0.122  0.346  0.554 -0.865  0.077  0.015 -0.046  0.123 -0.123 -0.881  0.738  0.420  0.585  0.696 -0.910 -0.198  0.249  0.616 -0.889  0.912  0.122  0.346  0.554 -0.865  0.077  0.015 -0.046  0.123 -0.123
  0.446 -0.225 -0.549 -0.172  0.452  0.461 -0.039  0.600 -0.749  0.339  0.741  0.115 -0.098  0.034  0.652  0.583  0.241  0.217 -0.146 -0.157  0.446 -0.225 -0.549 -0.172  0.452  0.461 -0.039  0.600 -0.749  0.339  0.741  0.115 -0.098  0.034  0.652  0.583  0.241  0.217 -0.146 -0.157
  0.271 -0.531  0.317 -0.803  0.603  0.538  0.399  0.676 -0.301  0.454 -0.787 -0.641 -0.244 -0.215 -0.947  0.141  0.438 -0.151  0.519  0.043  0.271 -0.531  0.317 -0.803  0.603  0.538  0.399  0.676 -0.301  0.454 -0.787 -0.641 -0.244 -0.215 -0.947  0.141  0.438 -0.151  0.519  0.043
  0.154 -0.531  0.078 -0.283  0.446 -0.717 -0.479 -0.446  0.307  0.282  0.060 -0.782  0.645 -0.445 -0.829  0.646  0.281  0.040 -0.618 -0.539  0.154 -0.531  0.078 -0.283  0.446 -0.717 -0.479 -0.446  0.307  0.282  0.060 -0.782  0.645 -0.445 -0.829  0.646  0.281  0.040 -0.618 -0.539
 -0.643 -0.114 -0.759  0.823  0.455  0.807  0.260  0.152 -0.105 -0.270 -0.725 -0.407  0.726  0.410 -0.143  0.211 -0.392  0.312  0.730 -0.071 -0.643 -0.114 -0.759  0.823  0.455  0.807  0.260  0.152 -0.105 -0.270 -0.725 -0.407  0.726  0.410 -0.143  0.211 -0.392  0.312  0.730 -0.071
  0.140 -0.558  0.266 -0.151 -0.315  0.434  0.205 -0.496 -0.663 -0.443 -0.778 -0.908 -0.872  0.633  0.893 -0.921 -0.568  0.503  0.454  0.614  0.140 -0.558  0.266 -0.151 -0.315  0.434  0.205 -0.496 -0.663 -0.443 -0.778 -0.908 -0.872  0.633  0.893 -0.921 -0.568  0.503  0.454  0.614
 -0.488 -0.437 -0.140  0.276 -0.407 -0.715  0.667 -0.480 -0.000  0.764 -0.341 -0.371 -0.171  0.713  0.514 -0.038 -0.421 -0.461 -0.409 -0.259 -0.488 -0.437 -0.140  0.276 -0.407 -0.715  0.667 -0.480 -0.000  0.764 -0.341 -0.371 -0.171  0.713  0.514 -0.038 -0.421 -0.461 -0.409 -0.259
  0.257  0.197 -0.412  0.294  0.476  0.425 -0.501 -0.262  0.041  0.149  0.333  0.230 -0.439 -0.606  0.652  0.102  0.311 -0.553  0.514 -0.477  0.257  0.197 -0.412  0.294  0.476  0.425 -0.501 -0.262  0.041  0.149  0.333  0.230 -0.439 -0.606  0.652  0.102  0.311 -0.553  0.514 -0.477
  0.533  0.267 -0.864 -0.327  0.944  0.873  0.769 -0.945  0.357  0.369 -0.498  0.397  0.731 -0.687  0.565  0.727  0.287  0.082 -0.845  0.764  0.533  0.267 -0.864 -0.327  0.944  0.873  0.769 -0.945  0.357  0.369 -0.498  0.397  0.731 -0.687  0.565  0.727  0.287  0.082 -0.845  0.764
  0.505  0.275  0.255 -0.452 -0.708 -0.012 -0.362  0.709 -0.309 -0.628  0.641  0.540  0.659 -0.220 -0.135  0.061  0.743  0.380  0.303  0.461  0.505  0.275  0.255 -0.452 -0.708 -0.012 -0.362  0.709 -0.309 -0.628  0.641  0.540  0.659 -0.220 -0.135  0.061  0.743  0.380  0.303  0.461
 -0.152  0.080 -0.403 -0.346  0.219  0.057 -0.267 -0.386 -0.113 -0.379 -0.371 -0.336 -0.023 -0.503 -0.746  0.467  0.119 -0.600 -0.693  0.238 -0.152  0.080 -0.403 -0.346  0.219  0.057 -0.267 -0.386 -0.113 -0.379 -0.371 -0.336 -0.023 -0.503 -0.746  0.467  0.119 -0.600 -0.693  0.238
  0.044  0.540  0.233 -0.607  0.303 -0.276  0.330 -0.944  0.144  0.397 -0.139 -0.140  0.360  0.757  0.685 -0.694 -0.621 -0.510 -0.996 -0.017  0.044  0.540  0.233 -0.607  0.303 -0.276  0.330 -0.944  0.144  0.397 -0.139 -0.140  0.360  0.757  0.685 -0.694 -0.621 -0.510 -0.996 -0.017
  0.401  0.077 -0.631 -0.474  0.932 -0.610  0.905  0.415 -0.361 -0.937  0.807 -0.271 -0.210  0.857 -0.641 -0.737 -0.139  0.914 -0.969  0.890  0.401  0.077 -0.631 -0.474  0.932 -0.610  0.905  0.415 -0.361 -0.937  0.807 -0.271 -0.210  0.857 -0.641 -0.737 -0.139  0.914 -0.969  0.890
 -0.546  0.740 -0.542 -0.227  0.569 -0.370  0.052 -0.678  0.586  0.756  0.769  0.330 -0.424 -0.511 -0.198 -0.497  0.763  0.207 -0.666 -0.805 -0.546  0.740 -0.542 -0.227  0.569 -0.370  0.052 -0.678  0.586  0.756  0.769  0.330 -0.424 -0.511 -0.198 -0.497  0.763  0.207 -0.666 -0.805
 -0.554  0.330 -0.175 -0.194  0.319  0.670  0.096 -0.081  0.384 -0.131 -0.750  0.524  0.025  0.598  0.180  0.185 -0.709 -0.438  0.633  0.059 -0.554  0.330 -0.175 -0.194  0.319  0.670  0.096 -0.081  0.384 -0.131 -0.750  0.524  0.025  0.598  0.180  0.185 -0.709 -0.438  0.633  0.059
  0.063 -0.526 -0.499  0.507 -0.026  0.233 -0.365 -0.480 -0.702 -0.549  0.386  0.204 -0.044 -0.076  0.421  0.264  0.234  0.355 -0.165 -0.640  0.063 -0.526 -0.499  0.507 -0.026  0.233 -0.365 -0.480 -0.702 -0.549  0.386  0.204 -0.044 -0.076  0.421  0.264  0.234  0.355 -0.165 -0.640
 -0.004 -0.043  0.469  0.208 -0.463  0.633  0.777 -0.005  0.056  0.654  0.035 -0.096  0.784 -0.166  0.061 -0.200  0.736  0.715  0.035  0.277 -0.004 -0.043  0.469  0.208 -0.463  0.633  0.777 -0.005  0.056  0.654  0.035 -0.096  0.784 -0.166  0.061 -0.200  0.736  0.715  0.035  0.277
  0.815  0.988  0.573  0.304 -0.233 -0.892 -0.952  0.868  0.274  0.704 -0.886  0.469 -0.271  0.038 -0.287 -0.327 -0.175  0.660 -0.060 -0.817  0.815  0.988  0.573  0.304 -0.233 -0.892 -0.952  0.868  0.274  0.704 -0.886  0.469 -0.271  0.038 -0.287 -0.327 -0.175  0.660 -0.060 -0.817
  0.609  0.619 -0.394 -0.481  0.939 -0.962 -0.279 -0.090  0.830 -0.838 -0.632  0.644 -0.850  0.211 -0.781 -0.813  0.319 -0.733 -0.945 -0.407  0.609  0.619 -0.394 -0.481  0.939 -0.962 -0.279 -0.090  0.830 -0.838 -0.632  0.644 -0.850  0.211 -0.781 -0.813  0.319 -0.733 -0.945 -0.407


>> Numero de clusteres: 65. Numero de vectores en cada cluster:

     0     1    25     1    27     0     0     0     0    25
    52     0     0     0     0     0    50    25    25     3
     1     1    25     0    25     3     1     0    25     1
     4    28    26     4     3    25    26     1    26     0
    27     7     0     6    25   130     1    50     2    25
    25     0    26    53     0     3    29     1     1    25
    29    51    25     0     0


>> Densidad de los clusters: a[i]

     0.00     0.00     0.00     4.16-2765388024126783922856167771098578944.00     2.34     0.00     4.05    -0.00     2.63
     0.00     0.00     0.00     0.00     0.00     0.00     0.00     0.00     0.00     2.33
     0.00     3.16     0.00     0.00     0.00     0.00     0.00     0.00     0.00     0.00
     0.00     0.00    -0.00     2.77    -0.00     2.35  -348.92     2.35    -0.27     2.24
     0.00     3.85     0.00     4.12     0.00     2.34     0.00     0.00     0.00     2.48
 -1271.21     2.23     0.00     4.12     0.00     0.00    -0.00     2.47     0.00     3.64
-154992240.00     2.39-580487144782081212547112802189312.00     2.72-785887814221824.00


>> Analisis de campos (medianas) en los grupos

Campo:  0 - mmax: 0.99 (grupo  1) - mmin: 0.00 (grupo  2)
Campo:  1 - mmax: 0.55 (grupo  1) - mmin: 0.00 (grupo  2)
Campo:  2 - mmax: 0.35 (grupo  1) - mmin: 0.00 (grupo  2)
Campo:  3 - mmax: 0.39 (grupo  1) - mmin: 0.00 (grupo  2)
Campo:  4 - mmax: 0.06 (grupo  1) - mmin: 0.00 (grupo  2)
Campo:  5 - mmax: 0.51 (grupo  1) - mmin: 0.00 (grupo  2)
Campo:  6 - mmax: 0.56 (grupo  1) - mmin: 0.00 (grupo  2)
Campo:  7 - mmax: 0.96 (grupo  1) - mmin: 0.00 (grupo  2)
Campo:  8 - mmax: 0.55 (grupo  1) - mmin: 0.00 (grupo  2)
Campo:  9 - mmax: 0.36 (grupo  1) - mmin: 0.00 (grupo  2)
Campo: 10 - mmax: 0.53 (grupo  1) - mmin: 0.00 (grupo  2)
Campo: 11 - mmax: 0.27 (grupo  1) - mmin: 0.00 (grupo  2)
Campo: 12 - mmax: 0.48 (grupo  1) - mmin: 0.00 (grupo  2)
Campo: 13 - mmax: 0.13 (grupo  1) - mmin: 0.00 (grupo  2)
Campo: 14 - mmax: 0.40 (grupo  1) - mmin: 0.00 (grupo  2)
Campo: 15 - mmax: 0.20 (grupo  1) - mmin: 0.00 (grupo  2)
Campo: 16 - mmax: 0.18 (grupo  1) - mmin: 0.00 (grupo  2)
Campo: 17 - mmax: 0.30 (grupo  1) - mmin: 0.00 (grupo  2)
Campo: 18 - mmax: 0.29 (grupo  1) - mmin: 0.00 (grupo  2)
Campo: 19 - mmax: 0.42 (grupo  1) - mmin: 0.00 (grupo  2)
Campo: 20 - mmax: 0.65 (grupo  1) - mmin: 0.00 (grupo  2)
Campo: 21 - mmax: 0.87 (grupo  1) - mmin: 0.00 (grupo  2)
Campo: 22 - mmax: 0.79 (grupo  1) - mmin: 0.00 (grupo  2)


